INFO  [2015-06-09 21:45:02,583] org.hibernate.annotations.common.Version: HCANN000001: Hibernate Commons Annotations {4.0.1.Final}
INFO  [2015-06-09 21:45:02,588] org.hibernate.Version: HHH000412: Hibernate Core {4.1.8.Final}
INFO  [2015-06-09 21:45:02,589] org.hibernate.cfg.Environment: HHH000206: hibernate.properties not found
INFO  [2015-06-09 21:45:02,590] org.hibernate.cfg.Environment: HHH000021: Bytecode provider name : javassist
INFO  [2015-06-09 21:45:02,603] com.yammer.dropwizard.hibernate.SessionFactoryFactory: Entity classes: []
INFO  [2015-06-09 21:45:02,979] org.hibernate.dialect.Dialect: HHH000400: Using dialect: org.hibernate.dialect.H2Dialect
INFO  [2015-06-09 21:45:03,002] org.hibernate.engine.transaction.internal.TransactionFactoryInitiator: HHH000399: Using default transaction strategy (direct JDBC transactions)
INFO  [2015-06-09 21:45:03,006] org.hibernate.hql.internal.ast.ASTQueryTranslatorFactory: HHH000397: Using ASTQueryTranslatorFactory
INFO  [2015-06-09 21:45:03,137] com.yammer.dropwizard.cli.ServerCommand: Starting FindMutant
INFO  [2015-06-09 21:45:03,137] org.eclipse.jetty.server.Server: jetty-8.y.z-SNAPSHOT
INFO  [2015-06-09 21:45:03,243] com.sun.jersey.server.impl.application.WebApplicationImpl: Initiating Jersey application, version 'Jersey: 1.15 10/30/2012 02:40 PM'
INFO  [2015-06-09 21:45:03,314] com.yammer.dropwizard.config.Environment: 


INFO  [2015-06-09 21:45:03,315] com.yammer.dropwizard.config.Environment: tasks = 

    POST    /tasks/gc (com.yammer.dropwizard.tasks.GarbageCollectionTask)

ERROR [2015-06-09 21:45:03,517] com.sun.jersey.server.impl.application.RootResourceUriRules: The ResourceConfig instance does not contain any root resource classes.
WARN  [2015-06-09 21:45:03,520] /: unavailable
! com.sun.jersey.api.container.ContainerException: The ResourceConfig instance does not contain any root resource classes.
! at com.sun.jersey.server.impl.application.RootResourceUriRules.<init>(RootResourceUriRules.java:99)
! at com.sun.jersey.server.impl.application.WebApplicationImpl._initiate(WebApplicationImpl.java:1300)
! at com.sun.jersey.server.impl.application.WebApplicationImpl.access$700(WebApplicationImpl.java:163)
! at com.sun.jersey.server.impl.application.WebApplicationImpl$13.f(WebApplicationImpl.java:769)
! at com.sun.jersey.server.impl.application.WebApplicationImpl$13.f(WebApplicationImpl.java:765)
! at com.sun.jersey.spi.inject.Errors.processWithErrors(Errors.java:193)
! at com.sun.jersey.server.impl.application.WebApplicationImpl.initiate(WebApplicationImpl.java:765)
! at com.sun.jersey.server.impl.application.WebApplicationImpl.initiate(WebApplicationImpl.java:760)
! at com.sun.jersey.spi.container.servlet.ServletContainer.initiate(ServletContainer.java:489)
! at com.sun.jersey.spi.container.servlet.ServletContainer$InternalWebComponent.initiate(ServletContainer.java:319)
! at com.sun.jersey.spi.container.servlet.WebComponent.load(WebComponent.java:609)
! at com.sun.jersey.spi.container.servlet.WebComponent.init(WebComponent.java:210)
! at com.sun.jersey.spi.container.servlet.ServletContainer.init(ServletContainer.java:374)
! at com.sun.jersey.spi.container.servlet.ServletContainer.init(ServletContainer.java:557)
! at javax.servlet.GenericServlet.init(GenericServlet.java:244)
! at org.eclipse.jetty.servlet.ServletHolder.initServlet(ServletHolder.java:519)
! at org.eclipse.jetty.servlet.ServletHolder.doStart(ServletHolder.java:331)
! at org.eclipse.jetty.util.component.AbstractLifeCycle.start(AbstractLifeCycle.java:64)
! at org.eclipse.jetty.servlet.ServletHandler.initialize(ServletHandler.java:747)
! at org.eclipse.jetty.servlet.ServletContextHandler.startContext(ServletContextHandler.java:265)
! at org.eclipse.jetty.server.handler.ContextHandler.doStart(ContextHandler.java:706)
! at org.eclipse.jetty.util.component.AbstractLifeCycle.start(AbstractLifeCycle.java:64)
! at org.eclipse.jetty.server.handler.HandlerWrapper.doStart(HandlerWrapper.java:95)
! at org.eclipse.jetty.util.component.AbstractLifeCycle.start(AbstractLifeCycle.java:64)
! at org.eclipse.jetty.server.handler.HandlerWrapper.doStart(HandlerWrapper.java:95)
! at org.eclipse.jetty.util.component.AbstractLifeCycle.start(AbstractLifeCycle.java:64)
! at org.eclipse.jetty.server.handler.HandlerCollection.doStart(HandlerCollection.java:229)
! at org.eclipse.jetty.util.component.AbstractLifeCycle.start(AbstractLifeCycle.java:64)
! at org.eclipse.jetty.server.handler.HandlerWrapper.doStart(HandlerWrapper.java:95)
! at org.eclipse.jetty.server.Server.doStart(Server.java:277)
! at org.eclipse.jetty.util.component.AbstractLifeCycle.start(AbstractLifeCycle.java:64)
! at com.yammer.dropwizard.cli.ServerCommand.run(ServerCommand.java:48)
! at com.yammer.dropwizard.cli.EnvironmentCommand.run(EnvironmentCommand.java:39)
! at com.yammer.dropwizard.cli.ConfiguredCommand.run(ConfiguredCommand.java:58)
! at com.yammer.dropwizard.cli.Cli.run(Cli.java:53)
! at com.yammer.dropwizard.Service.run(Service.java:61)
! at com.yammer.dropwizard.Service$run.call(Unknown Source)
! at org.codehaus.groovy.runtime.callsite.CallSiteArray.defaultCall(CallSiteArray.java:45)
! at org.codehaus.groovy.runtime.callsite.AbstractCallSite.call(AbstractCallSite.java:108)
! at org.codehaus.groovy.runtime.callsite.AbstractCallSite.call(AbstractCallSite.java:116)
! at com.xmen.adn.FindMutantService.main(FindMutantService.groovy:13)
INFO  [2015-06-09 21:45:03,532] org.eclipse.jetty.server.AbstractConnector: Started InstrumentedBlockingChannelConnector@0.0.0.0:8080
INFO  [2015-06-09 21:45:03,534] org.eclipse.jetty.server.AbstractConnector: Started SocketConnector@0.0.0.0:8081
INFO  [2015-06-09 21:45:12,975] org.eclipse.jetty.server.Server: Graceful shutdown SocketConnector@0.0.0.0:8081
INFO  [2015-06-09 21:45:12,975] org.eclipse.jetty.server.Server: Graceful shutdown InstrumentedBlockingChannelConnector@0.0.0.0:8080
INFO  [2015-06-09 21:45:12,976] org.eclipse.jetty.server.Server: Graceful shutdown o.e.j.s.ServletContextHandler{/,null}
INFO  [2015-06-09 21:45:12,976] org.eclipse.jetty.server.Server: Graceful shutdown o.e.j.s.ServletContextHandler{/,null}
INFO  [2015-06-09 21:45:15,031] org.eclipse.jetty.server.handler.ContextHandler: stopped o.e.j.s.ServletContextHandler{/,null}
INFO  [2015-06-09 21:45:15,032] org.eclipse.jetty.server.handler.ContextHandler: stopped o.e.j.s.ServletContextHandler{/,null}
INFO  [2015-06-09 21:45:15,084] org.eclipse.jetty.util.thread.ShutdownThread: shutdown already commenced
